TN:
SF:server.js
FN:33,(anonymous_0)
FN:41,(anonymous_1)
FN:57,(anonymous_2)
FN:105,(anonymous_3)
FN:163,(anonymous_4)
FN:192,(anonymous_5)
FN:219,(anonymous_6)
FN:245,(anonymous_7)
FN:269,(anonymous_8)
FN:326,(anonymous_9)
FN:341,(anonymous_10)
FN:351,(anonymous_11)
FN:393,(anonymous_12)
FN:464,(anonymous_13)
FN:602,(anonymous_14)
FN:609,(anonymous_15)
FN:744,(anonymous_16)
FN:758,(anonymous_17)
FN:824,(anonymous_18)
FN:865,(anonymous_19)
FNF:20
FNH:8
FNDA:0,(anonymous_0)
FNDA:0,(anonymous_1)
FNDA:8,(anonymous_2)
FNDA:8,(anonymous_3)
FNDA:1,(anonymous_4)
FNDA:1,(anonymous_5)
FNDA:1,(anonymous_6)
FNDA:1,(anonymous_7)
FNDA:0,(anonymous_8)
FNDA:0,(anonymous_9)
FNDA:0,(anonymous_10)
FNDA:0,(anonymous_11)
FNDA:0,(anonymous_12)
FNDA:0,(anonymous_13)
FNDA:0,(anonymous_14)
FNDA:0,(anonymous_15)
FNDA:2,(anonymous_16)
FNDA:0,(anonymous_17)
FNDA:1,(anonymous_18)
FNDA:0,(anonymous_19)
DA:2,1
DA:4,1
DA:5,1
DA:6,1
DA:7,1
DA:8,1
DA:9,1
DA:10,1
DA:11,1
DA:14,1
DA:15,1
DA:16,1
DA:17,1
DA:20,1
DA:21,1
DA:22,1
DA:23,1
DA:25,1
DA:26,1
DA:29,1
DA:32,1
DA:35,0
DA:36,0
DA:37,0
DA:39,0
DA:42,0
DA:46,1
DA:52,1
DA:53,1
DA:54,1
DA:57,1
DA:58,8
DA:59,8
DA:62,8
DA:63,8
DA:66,8
DA:68,0
DA:69,0
DA:70,0
DA:71,0
DA:76,8
DA:77,2
DA:78,2
DA:81,2
DA:83,0
DA:84,0
DA:85,2
DA:87,1
DA:89,1
DA:90,1
DA:92,1
DA:94,1
DA:95,1
DA:98,2
DA:99,2
DA:104,8
DA:105,8
DA:106,8
DA:109,8
DA:112,8
DA:113,8
DA:116,8
DA:117,1
DA:118,7
DA:119,7
DA:122,7
DA:123,7
DA:124,7
DA:127,7
DA:130,7
DA:131,7
DA:134,7
DA:137,7
DA:138,1
DA:141,7
DA:143,0
DA:145,0
DA:146,0
DA:148,0
DA:151,8
DA:153,0
DA:156,8
DA:159,8
DA:163,1
DA:164,1
DA:165,1
DA:167,1
DA:177,1
DA:185,1
DA:187,0
DA:192,1
DA:193,1
DA:194,1
DA:195,1
DA:197,1
DA:205,1
DA:212,1
DA:214,0
DA:219,1
DA:220,1
DA:221,1
DA:223,1
DA:225,1
DA:232,1
DA:238,1
DA:240,0
DA:245,1
DA:246,1
DA:247,1
DA:249,1
DA:251,1
DA:258,1
DA:262,1
DA:264,0
DA:269,1
DA:270,0
DA:271,0
DA:272,0
DA:273,0
DA:275,0
DA:276,0
DA:277,0
DA:280,0
DA:281,0
DA:282,0
DA:285,0
DA:286,0
DA:287,0
DA:289,0
DA:290,0
DA:297,0
DA:298,0
DA:304,0
DA:306,0
DA:319,0
DA:320,0
DA:326,0
DA:327,0
DA:330,0
DA:332,0
DA:333,0
DA:334,0
DA:335,0
DA:336,0
DA:340,0
DA:341,0
DA:342,0
DA:346,0
DA:351,1
DA:352,0
DA:353,0
DA:354,0
DA:355,0
DA:357,0
DA:358,0
DA:359,0
DA:362,0
DA:363,0
DA:372,0
DA:373,0
DA:378,0
DA:380,0
DA:381,0
DA:382,0
DA:383,0
DA:384,0
DA:386,0
DA:393,1
DA:394,0
DA:395,0
DA:396,0
DA:397,0
DA:398,0
DA:400,0
DA:401,0
DA:402,0
DA:405,0
DA:406,0
DA:407,0
DA:410,0
DA:413,0
DA:414,0
DA:421,0
DA:424,0
DA:425,0
DA:431,0
DA:432,0
DA:433,0
DA:436,0
DA:439,0
DA:442,0
DA:456,0
DA:457,0
DA:458,0
DA:459,0
DA:461,0
DA:464,0
DA:465,0
DA:467,0
DA:468,0
DA:471,0
DA:475,0
DA:476,0
DA:478,0
DA:479,0
DA:482,0
DA:483,0
DA:489,0
DA:490,0
DA:491,0
DA:494,0
DA:495,0
DA:498,0
DA:499,0
DA:502,0
DA:505,0
DA:514,0
DA:517,0
DA:520,0
DA:521,0
DA:524,0
DA:525,0
DA:527,0
DA:530,0
DA:531,0
DA:532,0
DA:534,0
DA:535,0
DA:537,0
DA:539,0
DA:540,0
DA:543,0
DA:546,0
DA:547,0
DA:550,0
DA:551,0
DA:553,0
DA:554,0
DA:555,0
DA:556,0
DA:559,0
DA:560,0
DA:561,0
DA:565,0
DA:566,0
DA:567,0
DA:568,0
DA:569,0
DA:570,0
DA:571,0
DA:572,0
DA:573,0
DA:574,0
DA:575,0
DA:576,0
DA:577,0
DA:578,0
DA:579,0
DA:580,0
DA:581,0
DA:582,0
DA:583,0
DA:585,0
DA:586,0
DA:589,0
DA:590,0
DA:591,0
DA:592,0
DA:593,0
DA:595,0
DA:598,0
DA:599,0
DA:602,0
DA:605,0
DA:608,0
DA:609,0
DA:610,0
DA:614,0
DA:615,0
DA:616,0
DA:617,0
DA:620,0
DA:623,0
DA:624,0
DA:627,0
DA:628,0
DA:629,0
DA:630,0
DA:632,0
DA:633,0
DA:636,0
DA:640,0
DA:641,0
DA:642,0
DA:643,0
DA:644,0
DA:646,0
DA:650,0
DA:654,0
DA:655,0
DA:658,0
DA:659,0
DA:660,0
DA:661,0
DA:663,0
DA:666,0
DA:667,0
DA:668,0
DA:670,0
DA:671,0
DA:672,0
DA:675,0
DA:676,0
DA:679,0
DA:681,0
DA:692,0
DA:693,0
DA:694,0
DA:697,0
DA:702,0
DA:703,0
DA:704,0
DA:705,0
DA:707,0
DA:710,0
DA:711,0
DA:712,0
DA:715,0
DA:716,0
DA:717,0
DA:718,0
DA:721,0
DA:726,0
DA:733,0
DA:734,0
DA:735,0
DA:736,0
DA:737,0
DA:739,0
DA:744,1
DA:745,2
DA:747,2
DA:749,2
DA:750,1
DA:754,1
DA:758,1
DA:759,0
DA:760,0
DA:761,0
DA:762,0
DA:764,0
DA:765,0
DA:766,0
DA:770,0
DA:771,0
DA:774,0
DA:777,0
DA:778,0
DA:779,0
DA:782,0
DA:784,0
DA:785,0
DA:791,0
DA:796,0
DA:797,0
DA:800,0
DA:808,0
DA:809,0
DA:810,0
DA:811,0
DA:815,0
DA:817,0
DA:818,0
DA:819,0
DA:824,1
DA:825,1
DA:826,1
DA:827,1
DA:829,1
DA:830,0
DA:831,0
DA:834,1
DA:841,1
DA:850,1
DA:857,1
DA:859,0
DA:864,1
DA:865,0
DA:866,0
DA:867,0
DA:868,0
DA:870,0
DA:879,0
DA:880,0
DA:881,0
DA:882,0
DA:883,0
DA:884,0
DA:889,1
LF:399
LH:115
BRDA:36,0,0,0
BRDA:36,0,1,0
BRDA:66,1,0,0
BRDA:66,1,1,8
BRDA:69,2,0,0
BRDA:69,2,1,0
BRDA:70,3,0,0
BRDA:70,3,1,0
BRDA:76,4,0,2
BRDA:76,4,1,6
BRDA:76,5,0,8
BRDA:76,5,1,8
BRDA:81,6,0,0
BRDA:81,6,1,2
BRDA:83,7,0,0
BRDA:83,7,1,0
BRDA:84,8,0,0
BRDA:84,8,1,0
BRDA:85,9,0,1
BRDA:85,9,1,1
BRDA:87,10,0,1
BRDA:87,10,1,0
BRDA:89,11,0,1
BRDA:89,11,1,0
BRDA:89,12,0,1
BRDA:89,12,1,1
BRDA:92,13,0,1
BRDA:92,13,1,0
BRDA:94,14,0,1
BRDA:94,14,1,0
BRDA:95,15,0,1
BRDA:95,15,1,0
BRDA:98,16,0,2
BRDA:98,16,1,0
BRDA:112,17,0,8
BRDA:112,17,1,0
BRDA:112,18,0,8
BRDA:112,18,1,8
BRDA:112,18,2,1
BRDA:116,19,0,1
BRDA:116,19,1,7
BRDA:118,20,0,7
BRDA:118,20,1,0
BRDA:122,21,0,1
BRDA:122,21,1,6
BRDA:123,22,0,1
BRDA:123,22,1,6
BRDA:124,23,0,2
BRDA:124,23,1,5
BRDA:127,24,0,1
BRDA:127,24,1,6
BRDA:130,25,0,2
BRDA:130,25,1,5
BRDA:131,26,0,2
BRDA:131,26,1,5
BRDA:134,27,0,1
BRDA:134,27,1,6
BRDA:137,28,0,1
BRDA:137,28,1,6
BRDA:137,29,0,7
BRDA:137,29,1,1
BRDA:145,30,0,0
BRDA:145,30,1,0
BRDA:146,31,0,0
BRDA:146,31,1,0
BRDA:179,32,0,1
BRDA:179,32,1,0
BRDA:194,33,0,1
BRDA:194,34,0,1
BRDA:209,35,0,1
BRDA:209,35,1,0
BRDA:259,36,0,1
BRDA:259,36,1,0
BRDA:273,37,0,0
BRDA:273,37,1,0
BRDA:275,38,0,0
BRDA:275,38,1,0
BRDA:280,39,0,0
BRDA:280,39,1,0
BRDA:322,40,0,0
BRDA:322,40,1,0
BRDA:327,41,0,0
BRDA:327,41,1,0
BRDA:333,42,0,0
BRDA:333,42,1,0
BRDA:335,43,0,0
BRDA:335,43,1,0
BRDA:340,44,0,0
BRDA:340,44,1,0
BRDA:340,45,0,0
BRDA:340,45,1,0
BRDA:342,46,0,0
BRDA:342,46,1,0
BRDA:346,47,0,0
BRDA:346,47,1,0
BRDA:346,48,0,0
BRDA:346,48,1,0
BRDA:355,49,0,0
BRDA:355,49,1,0
BRDA:357,50,0,0
BRDA:357,50,1,0
BRDA:381,51,0,0
BRDA:381,51,1,0
BRDA:383,52,0,0
BRDA:383,52,1,0
BRDA:386,53,0,0
BRDA:386,53,1,0
BRDA:386,54,0,0
BRDA:386,54,1,0
BRDA:397,55,0,0
BRDA:397,55,1,0
BRDA:400,56,0,0
BRDA:400,56,1,0
BRDA:405,57,0,0
BRDA:405,57,1,0
BRDA:431,58,0,0
BRDA:431,58,1,0
BRDA:431,59,0,0
BRDA:431,59,1,0
BRDA:431,59,2,0
BRDA:451,60,0,0
BRDA:451,60,1,0
BRDA:475,61,0,0
BRDA:475,61,1,0
BRDA:476,62,0,0
BRDA:476,62,1,0
BRDA:483,63,0,0
BRDA:483,63,1,0
BRDA:489,64,0,0
BRDA:489,64,1,0
BRDA:511,65,0,0
BRDA:511,65,1,0
BRDA:514,66,0,0
BRDA:514,66,1,0
BRDA:521,67,0,0
BRDA:521,67,1,0
BRDA:537,68,0,0
BRDA:537,68,1,0
BRDA:546,69,0,0
BRDA:546,69,1,0
BRDA:546,70,0,0
BRDA:546,70,1,0
BRDA:553,71,0,0
BRDA:553,71,1,0
BRDA:553,72,0,0
BRDA:553,72,1,0
BRDA:553,72,2,0
BRDA:559,73,0,0
BRDA:559,73,1,0
BRDA:560,74,0,0
BRDA:560,74,1,0
BRDA:560,75,0,0
BRDA:560,75,1,0
BRDA:566,76,0,0
BRDA:566,76,1,0
BRDA:566,77,0,0
BRDA:566,77,1,0
BRDA:569,78,0,0
BRDA:569,78,1,0
BRDA:572,79,0,0
BRDA:572,79,1,0
BRDA:575,80,0,0
BRDA:575,80,1,0
BRDA:578,81,0,0
BRDA:578,81,1,0
BRDA:581,82,0,0
BRDA:581,82,1,0
BRDA:590,83,0,0
BRDA:590,83,1,0
BRDA:590,84,0,0
BRDA:590,84,1,0
BRDA:591,85,0,0
BRDA:591,85,1,0
BRDA:592,86,0,0
BRDA:592,86,1,0
BRDA:595,87,0,0
BRDA:595,87,1,0
BRDA:598,88,0,0
BRDA:598,88,1,0
BRDA:614,89,0,0
BRDA:614,89,1,0
BRDA:624,90,0,0
BRDA:624,90,1,0
BRDA:630,91,0,0
BRDA:630,91,1,0
BRDA:704,92,0,0
BRDA:704,92,1,0
BRDA:716,93,0,0
BRDA:716,93,1,0
BRDA:734,94,0,0
BRDA:734,94,1,0
BRDA:736,95,0,0
BRDA:736,95,1,0
BRDA:739,96,0,0
BRDA:739,96,1,0
BRDA:739,97,0,0
BRDA:739,97,1,0
BRDA:749,98,0,1
BRDA:749,98,1,1
BRDA:764,99,0,0
BRDA:764,99,1,0
BRDA:770,100,0,0
BRDA:770,100,1,0
BRDA:770,101,0,0
BRDA:770,101,1,0
BRDA:777,102,0,0
BRDA:777,102,1,0
BRDA:778,103,0,0
BRDA:778,103,1,0
BRDA:784,104,0,0
BRDA:784,104,1,0
BRDA:808,105,0,0
BRDA:808,105,1,0
BRDA:808,106,0,0
BRDA:808,106,1,0
BRDA:810,107,0,0
BRDA:810,107,1,0
BRDA:829,108,0,0
BRDA:829,108,1,1
BRDA:829,109,0,1
BRDA:829,109,1,1
BRDA:864,110,0,0
BRDA:864,110,1,1
BRDA:866,111,0,0
BRDA:866,111,1,0
BRDA:867,112,0,0
BRDA:867,112,1,0
BRDA:868,113,0,0
BRDA:868,113,1,0
BRF:229
BRH:52
end_of_record
TN:
SF:services/runway-service.js
FN:35,createImageToVideoTask
FN:48,getTaskStatus
FN:60,isSDKAvailable
FNF:3
FNH:0
FNDA:0,createImageToVideoTask
FNDA:0,getTaskStatus
FNDA:0,isSDKAvailable
DA:7,1
DA:8,1
DA:10,1
DA:13,1
DA:14,1
DA:16,1
DA:17,1
DA:19,0
DA:22,0
DA:36,0
DA:37,0
DA:40,0
DA:49,0
DA:50,0
DA:53,0
DA:61,0
DA:64,1
LF:17
LH:8
BRDA:14,0,0,1
BRDA:14,0,1,0
BRDA:36,1,0,0
BRDA:36,1,1,0
BRDA:49,2,0,0
BRDA:49,2,1,0
BRF:6
BRH:1
end_of_record
TN:
SF:services/url-shortener-service.js
FN:16,shortenUrl
FNF:1
FNH:0
FNDA:0,shortenUrl
DA:6,1
DA:17,0
DA:18,0
DA:20,0
DA:22,0
DA:23,0
DA:24,0
DA:26,0
DA:31,0
DA:33,0
DA:34,0
DA:35,0
DA:36,0
DA:37,0
DA:39,0
DA:40,0
DA:41,0
DA:44,0
DA:45,0
DA:46,0
DA:49,0
DA:53,1
LF:22
LH:2
BRDA:16,0,0,0
BRDA:16,1,0,0
BRDA:17,2,0,0
BRDA:17,2,1,0
BRDA:33,3,0,0
BRDA:33,3,1,0
BRDA:33,4,0,0
BRDA:33,4,1,0
BRDA:45,5,0,0
BRDA:45,5,1,0
BRF:10
BRH:0
end_of_record
TN:
SF:services/vehicle-service.js
FN:21,listVehicles
FN:60,updateVehicleField
FN:147,getVehicleDetails
FN:187,getVehicleImages
FNF:4
FNH:3
FNDA:2,listVehicles
FNDA:0,updateVehicleField
FNDA:1,getVehicleDetails
FNDA:1,getVehicleImages
DA:6,1
DA:7,1
DA:8,1
DA:28,2
DA:29,2
DA:31,2
DA:39,1
DA:40,1
DA:42,1
DA:43,1
DA:69,0
DA:70,0
DA:71,0
DA:73,0
DA:75,0
DA:77,0
DA:78,0
DA:87,0
DA:90,0
DA:91,0
DA:94,0
DA:95,0
DA:98,0
DA:99,0
DA:110,0
DA:111,0
DA:113,0
DA:123,0
DA:124,0
DA:126,0
DA:127,0
DA:128,0
DA:129,0
DA:133,0
DA:153,1
DA:154,1
DA:156,1
DA:157,1
DA:166,1
DA:167,1
DA:169,0
DA:170,0
DA:171,0
DA:173,0
DA:193,1
DA:194,1
DA:196,1
DA:197,1
DA:206,1
DA:207,1
DA:208,1
DA:210,0
DA:211,0
DA:212,0
DA:214,0
DA:218,1
LF:56
LH:24
BRDA:23,0,0,1
BRDA:24,1,0,1
BRDA:25,2,0,2
BRDA:26,3,0,2
BRDA:39,4,0,1
BRDA:39,4,1,0
BRDA:39,5,0,1
BRDA:39,5,1,0
BRDA:66,6,0,0
BRDA:67,7,0,0
BRDA:69,8,0,0
BRDA:69,8,1,0
BRDA:90,9,0,0
BRDA:90,9,1,0
BRDA:94,10,0,0
BRDA:94,10,1,0
BRDA:126,11,0,0
BRDA:126,11,1,0
BRDA:128,12,0,0
BRDA:128,12,1,0
BRDA:150,13,0,1
BRDA:151,14,0,1
BRDA:153,15,0,0
BRDA:153,15,1,1
BRDA:170,16,0,0
BRDA:170,16,1,0
BRDA:190,17,0,1
BRDA:191,18,0,1
BRDA:193,19,0,0
BRDA:193,19,1,1
BRDA:206,20,0,1
BRDA:206,20,1,0
BRDA:211,21,0,0
BRDA:211,21,1,0
BRF:34
BRH:13
end_of_record
TN:
SF:utils/auth-middleware.js
FN:5,requireAuth
FNF:1
FNH:1
FNDA:8,requireAuth
DA:6,8
DA:8,8
DA:9,2
DA:10,2
DA:14,6
DA:17,6
DA:19,6
DA:22,2
LF:8
LH:8
BRDA:8,0,0,2
BRDA:8,0,1,6
BRDA:17,1,0,6
BRDA:17,1,1,5
BRF:4
BRH:4
end_of_record
TN:
SF:utils/config.js
FNF:0
FNH:0
DA:5,2
LF:1
LH:1
BRDA:7,0,0,2
BRDA:7,0,1,1
BRF:2
BRH:2
end_of_record
TN:
SF:utils/error-handler.js
FN:5,handleApiError
FNF:1
FNH:1
FNDA:2,handleApiError
DA:6,2
DA:7,2
DA:8,2
DA:9,2
DA:10,1
DA:12,2
DA:17,2
LF:7
LH:7
BRDA:7,0,0,2
BRDA:7,0,1,1
BRDA:9,1,0,1
BRDA:9,1,1,1
BRDA:12,2,0,2
BRDA:12,2,1,1
BRDA:13,3,0,2
BRDA:13,3,1,1
BRF:8
BRH:8
end_of_record
TN:
SF:utils/logger.js
FN:11,createLogPrefix
FN:23,log
FN:36,(anonymous_2)
FN:37,(anonymous_3)
FN:38,(anonymous_4)
FN:39,(anonymous_5)
FNF:6
FNH:4
FNDA:17,createLogPrefix
FNDA:17,log
FNDA:16,(anonymous_2)
FNDA:1,(anonymous_3)
FNDA:0,(anonymous_4)
FNDA:0,(anonymous_5)
DA:12,17
DA:24,17
DA:25,17
DA:27,17
DA:28,17
DA:30,17
DA:31,8
DA:35,3
DA:36,16
DA:37,1
DA:38,0
DA:39,0
LF:12
LH:10
BRDA:12,0,0,1
BRDA:12,0,1,16
BRDA:30,1,0,8
BRDA:30,1,1,9
BRDA:31,2,0,0
BRDA:31,2,1,8
BRF:6
BRH:5
end_of_record
